[Header]
[Footer]
[Header]
[4428] INFO ****** Open Connection
[4428] INFO ****** Start: 2018/08/01 10:12:44.025, End: 2018/08/01 10:12:44.458, Cost: 433.000
[4428] INFO 
[4428] INFO ****** Execute SQL
[4428] INFO ****** Text : SELECT mdate,segcode,shifttypecode,reworkroutecode,computerip,muser,dctcode,computermac,computername,crewcode,orgid,mtime,eattribute1,reworkcode,rescode,resdesc,resgroup,restype,jigcontrol,sscode FROM TBLRES WHERE rescode='BZ02'
[4428] INFO ****** Start: 2018/08/01 10:12:44.825, End: 2018/08/01 10:12:44.849, Cost: 24.000
[4428] INFO 
[4428] INFO ****** Open Connection
[4428] INFO ****** Start: 2018/08/01 10:12:44.854, End: 2018/08/01 10:12:44.971, Cost: 117.000
[4428] INFO 
[4428] INFO ****** Execute SQL
[4428] INFO ****** Text : SELECT mdate,segcode,shifttypecode,reworkroutecode,computerip,muser,dctcode,computermac,computername,crewcode,orgid,mtime,eattribute1,reworkcode,rescode,resdesc,resgroup,restype,jigcontrol,sscode FROM TBLRES WHERE rescode='BZ02'
[4428] INFO ****** Start: 2018/08/01 10:12:44.971, End: 2018/08/01 10:12:44.982, Cost: 11.000
[4428] INFO 
[4428] INFO ****** Execute SQL
[4428] INFO ****** Text : SELECT mdate,segcode,shifttypecode,reworkroutecode,computerip,muser,dctcode,computermac,computername,crewcode,orgid,mtime,eattribute1,reworkcode,rescode,resdesc,resgroup,restype,jigcontrol,sscode FROM TBLRES WHERE rescode='BZ02'
[4428] INFO ****** Start: 2018/08/01 10:12:44.986, End: 2018/08/01 10:12:45.009, Cost: 23.000
[4428] INFO 
[4428] INFO ****** Execute SQL
[4428] INFO ****** Text : SELECT mdate,segcode,shifttypecode,reworkroutecode,computerip,muser,dctcode,computermac,computername,crewcode,orgid,mtime,eattribute1,reworkcode,rescode,resdesc,resgroup,restype,jigcontrol,sscode FROM TBLRES WHERE rescode='BZ02'
[4428] INFO ****** Start: 2018/08/01 10:12:45.022, End: 2018/08/01 10:12:45.035, Cost: 13.000
[4428] INFO 
[4428] INFO ****** Execute SQL
[4428] INFO ****** Text : select to_char(sysdate,'yyyymmdd') as dbdate,to_char(sysdate,'hh24miss')  as dbtime from dual where '1' = '1'
[4428] INFO ****** Start: 2018/08/01 10:12:45.040, End: 2018/08/01 10:12:45.047, Cost: 7.000
[4428] INFO 
[4428] ERROR未能找到文件“C:\Users\Administrator\Desktop\WindowsFormsApplication1\WindowsFormsApplication1\bin\Debug\dblog.xml”。
[4428] INFO ****** Execute SQL
[4428] INFO ****** Text : UPDATE TBLRES SET orgid='1',segcode='AP',reworkroutecode='',shifttypecode='DAY',computerip='',muser='ADMIN',dctcode='',computermac='',computername='',crewcode='',mtime='101247',eattribute1='',reworkcode='',mdate='20180801',resdesc='包装-功能测试',resgroup='',restype='ResourceType_Human',jigcontrol='N',sscode='PACK01' WHERE rescode='BZ02'
[4428] INFO ****** Start: 2018/08/01 10:12:45.057, End: 2018/08/01 10:12:45.065, Cost: 8.000
[4428] INFO 
[4428] INFO ****** Open Connection
[4428] INFO ****** Start: 2018/08/01 10:12:45.066, End: 2018/08/01 10:12:45.201, Cost: 135.000
[4428] INFO 
[4428] INFO ****** Execute SQL
[4428] INFO ****** Text : select to_char(sysdate,'yyyymmdd') as dbdate,to_char(sysdate,'hh24miss')  as dbtime from dual where '1' = '1'
[4428] INFO ****** Start: 2018/08/01 10:12:45.202, End: 2018/08/01 10:12:45.213, Cost: 11.000
[4428] INFO 
[4428] INFO ****** Execute SQL
[4428] INFO ****** Text : select a.*                              from  tblresreleaselog a                              where a.serial in                              (                                 select max(serial)                                 from tblresreleaselog                                 where rescode='BZ02'                                 group by rescode                             ) 
[4428] INFO ****** Start: 2018/08/01 10:12:45.230, End: 2018/08/01 10:12:45.247, Cost: 17.000
[4428] INFO 
[4428] INFO ****** Execute SQL
[4428] INFO ****** Text : SELECT computermac,mdate,computerip,releaseuser,releasedate,releasetime,loginuser,computername,muser,mtime,rescode,logindate,serial,jigcode,logintime FROM TBLRESRELEASELOG WHERE serial='7693'
[4428] INFO ****** Start: 2018/08/01 10:12:45.251, End: 2018/08/01 10:12:45.273, Cost: 22.000
[4428] INFO 
[4428] INFO ****** Execute SQL
[4428] INFO ****** Text : select to_char(sysdate,'yyyymmdd') as dbdate,to_char(sysdate,'hh24miss')  as dbtime from dual where '1' = '1'
[4428] INFO ****** Start: 2018/08/01 10:12:45.275, End: 2018/08/01 10:12:45.291, Cost: 16.000
[4428] INFO 
[4428] ERROR未能找到文件“C:\Users\Administrator\Desktop\WindowsFormsApplication1\WindowsFormsApplication1\bin\Debug\dblog.xml”。
[4428] INFO ****** Execute SQL
[4428] INFO ****** Text : UPDATE TBLRESRELEASELOG SET computermac='70:85:C2:41:EE:9D',mdate='20180801',computerip='192.168.3.100',releaseuser='DLL',releasedate='20180801',releasetime='101248',loginuser='JIANGGAOLIN',computername='DVR-LINXIAOLIAN',muser='DLL',mtime='101248',rescode='BZ02',logindate='20180801',jigcode='',logintime='100546' WHERE serial='7693'
[4428] INFO ****** Start: 2018/08/01 10:12:45.294, End: 2018/08/01 10:12:45.309, Cost: 15.000
[4428] INFO 
[4428] INFO ****** Open Connection
[4428] INFO ****** Start: 2018/08/01 10:12:45.314, End: 2018/08/01 10:12:45.590, Cost: 276.000
[4428] INFO 
[4428] INFO ****** Execute SQL
[4428] INFO ****** Text : select * from tbljig where rescode='BZ02'
[4428] INFO ****** Start: 2018/08/01 10:12:45.590, End: 2018/08/01 10:12:45.610, Cost: 20.000
[4428] INFO 
[4428] INFO ****** Close Connection
[4428] INFO ****** Start: 2018/08/01 10:12:45.613, End: 2018/08/01 10:12:45.613, Cost: 0.000
[4428] INFO 
[4428] INFO ****** Open Connection
[4428] INFO ****** Start: 2018/08/01 10:12:47.059, End: 2018/08/01 10:12:47.059, Cost: 0.000
[4428] INFO 
[4428] INFO ****** Execute SQL
[4428] INFO ****** Text : SELECT mdate,segcode,shifttypecode,reworkroutecode,computerip,muser,dctcode,computermac,computername,crewcode,orgid,mtime,eattribute1,reworkcode,rescode,resdesc,resgroup,restype,jigcontrol,sscode FROM TBLRES WHERE rescode='BZ02'
[4428] INFO ****** Start: 2018/08/01 10:12:47.059, End: 2018/08/01 10:12:47.078, Cost: 19.000
[4428] INFO 
[4428] INFO ****** Open Connection
[4428] INFO ****** Start: 2018/08/01 10:12:47.080, End: 2018/08/01 10:12:47.422, Cost: 342.000
[4428] INFO 
[4428] INFO ****** Execute SQL
[4428] INFO ****** Text : SELECT mdate,segcode,shifttypecode,reworkroutecode,computerip,muser,dctcode,computermac,computername,crewcode,orgid,mtime,eattribute1,reworkcode,rescode,resdesc,resgroup,restype,jigcontrol,sscode FROM TBLRES WHERE rescode='BZ02'
[4428] INFO ****** Start: 2018/08/01 10:12:47.422, End: 2018/08/01 10:12:47.446, Cost: 24.000
[4428] INFO 
[4428] INFO ****** Execute SQL
[4428] INFO ****** Text : SELECT mdate,segcode,shifttypecode,reworkroutecode,computerip,muser,dctcode,computermac,computername,crewcode,orgid,mtime,eattribute1,reworkcode,rescode,resdesc,resgroup,restype,jigcontrol,sscode FROM TBLRES WHERE rescode='BZ02'
[4428] INFO ****** Start: 2018/08/01 10:12:47.448, End: 2018/08/01 10:12:47.473, Cost: 25.000
[4428] INFO 
[4428] INFO ****** Execute SQL
[4428] INFO ****** Text : SELECT mdate,segcode,shifttypecode,reworkroutecode,computerip,muser,dctcode,computermac,computername,crewcode,orgid,mtime,eattribute1,reworkcode,rescode,resdesc,resgroup,restype,jigcontrol,sscode FROM TBLRES WHERE rescode='BZ02'
[4428] INFO ****** Start: 2018/08/01 10:12:47.477, End: 2018/08/01 10:12:47.505, Cost: 28.000
[4428] INFO 
[4428] INFO ****** Execute SQL
[4428] INFO ****** Text : select to_char(sysdate,'yyyymmdd') as dbdate,to_char(sysdate,'hh24miss')  as dbtime from dual where '1' = '1'
[4428] INFO ****** Start: 2018/08/01 10:12:47.507, End: 2018/08/01 10:12:47.532, Cost: 25.000
[4428] INFO 
[4428] ERROR未能找到文件“C:\Users\Administrator\Desktop\WindowsFormsApplication1\WindowsFormsApplication1\bin\Debug\dblog.xml”。
[4428] INFO ****** Execute SQL
[4428] INFO ****** Text : UPDATE TBLRES SET orgid='1',segcode='AP',reworkroutecode='',shifttypecode='DAY',computerip='',muser='ADMIN',dctcode='',computermac='',computername='',crewcode='',mtime='101250',eattribute1='',reworkcode='',mdate='20180801',resdesc='包装-功能测试',resgroup='',restype='ResourceType_Human',jigcontrol='N',sscode='PACK01' WHERE rescode='BZ02'
[4428] INFO ****** Start: 2018/08/01 10:12:47.542, End: 2018/08/01 10:12:47.580, Cost: 38.000
[4428] INFO 
[4428] INFO ****** Open Connection
[4428] INFO ****** Start: 2018/08/01 10:12:47.583, End: 2018/08/01 10:12:47.583, Cost: 0.000
[4428] INFO 
[4428] INFO ****** Execute SQL
[4428] INFO ****** Text : select to_char(sysdate,'yyyymmdd') as dbdate,to_char(sysdate,'hh24miss')  as dbtime from dual where '1' = '1'
[4428] INFO ****** Start: 2018/08/01 10:12:47.583, End: 2018/08/01 10:12:47.590, Cost: 7.000
[4428] INFO 
[4428] INFO ****** Execute SQL
[4428] INFO ****** Text : select a.*                              from  tblresreleaselog a                              where a.serial in                              (                                 select max(serial)                                 from tblresreleaselog                                 where rescode='BZ02'                                 group by rescode                             ) 
[4428] INFO ****** Start: 2018/08/01 10:12:47.591, End: 2018/08/01 10:12:47.613, Cost: 22.000
[4428] INFO 
[4428] INFO ****** Execute SQL
[4428] INFO ****** Text : SELECT computermac,mdate,computerip,releaseuser,releasedate,releasetime,loginuser,computername,muser,mtime,rescode,logindate,serial,jigcode,logintime FROM TBLRESRELEASELOG WHERE serial='7693'
[4428] INFO ****** Start: 2018/08/01 10:12:47.616, End: 2018/08/01 10:12:47.637, Cost: 21.000
[4428] INFO 
[4428] INFO ****** Execute SQL
[4428] INFO ****** Text : select to_char(sysdate,'yyyymmdd') as dbdate,to_char(sysdate,'hh24miss')  as dbtime from dual where '1' = '1'
[4428] INFO ****** Start: 2018/08/01 10:12:47.638, End: 2018/08/01 10:12:47.654, Cost: 16.000
[4428] INFO 
[4428] ERROR未能找到文件“C:\Users\Administrator\Desktop\WindowsFormsApplication1\WindowsFormsApplication1\bin\Debug\dblog.xml”。
[4428] INFO ****** Execute SQL
[4428] INFO ****** Text : UPDATE TBLRESRELEASELOG SET computermac='70:85:C2:41:EE:9D',mdate='20180801',computerip='192.168.3.100',releaseuser='DLL',releasedate='20180801',releasetime='101250',loginuser='JIANGGAOLIN',computername='DVR-LINXIAOLIAN',muser='DLL',mtime='101250',rescode='BZ02',logindate='20180801',jigcode='',logintime='100546' WHERE serial='7693'
[4428] INFO ****** Start: 2018/08/01 10:12:47.656, End: 2018/08/01 10:12:47.672, Cost: 16.000
[4428] INFO 
[4428] INFO ****** Open Connection
[4428] INFO ****** Start: 2018/08/01 10:12:47.675, End: 2018/08/01 10:12:47.675, Cost: 0.000
[4428] INFO 
[4428] INFO ****** Execute SQL
[4428] INFO ****** Text : select * from tbljig where rescode='BZ02'
[4428] INFO ****** Start: 2018/08/01 10:12:47.675, End: 2018/08/01 10:12:47.694, Cost: 19.000
[4428] INFO 
[4428] INFO ****** Close Connection
[4428] INFO ****** Start: 2018/08/01 10:12:47.695, End: 2018/08/01 10:12:47.695, Cost: 0.000
[4428] INFO 
[Footer]
[Header]
[Footer]
[Header]
[4640] INFO ****** Open Connection
[4640] INFO ****** Start: 2018/08/01 10:13:08.128, End: 2018/08/01 10:13:08.629, Cost: 501.000
[4640] INFO 
[4640] INFO ****** Execute SQL
[4640] INFO ****** Text : SELECT mdate,segcode,shifttypecode,reworkroutecode,computerip,muser,dctcode,computermac,computername,crewcode,orgid,mtime,eattribute1,reworkcode,rescode,resdesc,resgroup,restype,jigcontrol,sscode FROM TBLRES WHERE rescode='BZ22'
[4640] INFO ****** Start: 2018/08/01 10:13:08.717, End: 2018/08/01 10:13:08.749, Cost: 32.000
[4640] INFO 
[Footer]
