[Header]
[Footer]
[Header]
[12540] ERROROpen Connection Failure	未在本地计算机上注册“OraOLEDB.Oracle.1”提供程序。	System.Data	   在 System.Data.OleDb.OleDbServicesWrapper.GetDataSource(OleDbConnectionString constr, DataSourceWrapper& datasrcWrapper)
   在 System.Data.OleDb.OleDbConnectionInternal..ctor(OleDbConnectionString constr, OleDbConnection connection)
   在 System.Data.OleDb.OleDbConnectionFactory.CreateConnection(DbConnectionOptions options, DbConnectionPoolKey poolKey, Object poolGroupProviderInfo, DbConnectionPool pool, DbConnection owningObject)
   在 System.Data.ProviderBase.DbConnectionFactory.CreateConnection(DbConnectionOptions options, DbConnectionPoolKey poolKey, Object poolGroupProviderInfo, DbConnectionPool pool, DbConnection owningConnection, DbConnectionOptions userOptions)
   在 System.Data.ProviderBase.DbConnectionFactory.CreateNonPooledConnection(DbConnection owningConnection, DbConnectionPoolGroup poolGroup, DbConnectionOptions userOptions)
   在 System.Data.ProviderBase.DbConnectionFactory.TryGetConnection(DbConnection owningConnection, TaskCompletionSource`1 retry, DbConnectionOptions userOptions, DbConnectionInternal oldConnection, DbConnectionInternal& connection)
   在 System.Data.ProviderBase.DbConnectionInternal.TryOpenConnectionInternal(DbConnection outerConnection, DbConnectionFactory connectionFactory, TaskCompletionSource`1 retry, DbConnectionOptions userOptions)
   在 System.Data.ProviderBase.DbConnectionClosed.TryOpenConnection(DbConnection outerConnection, DbConnectionFactory connectionFactory, TaskCompletionSource`1 retry, DbConnectionOptions userOptions)
   在 System.Data.ProviderBase.DbConnectionInternal.OpenConnection(DbConnection outerConnection, DbConnectionFactory connectionFactory)
   在 System.Data.OleDb.OleDbConnection.Open()
   在 BenQGuru.eMES.Common.PersistBroker.AbstractSQLPersistBroker.OpenConnection()	Void GetDataSource(System.Data.OleDb.OleDbConnectionString, System.Data.OleDb.DataSourceWrapper ByRef)
[12540] ERRORExecuteReader 要求已打开且可用的 Connection。连接的当前状态为已关闭。 Parameter SQL:SELECT useremail,userstat,mdate,username,userdepart,userpwd,usertel,usercode,eattribute1,muser,mtime FROM TBLUSER WHERE usercode='LILXL'
[12540] INFO ****** Execute SQL
[12540] INFO ****** Text : SELECT useremail,userstat,mdate,username,userdepart,userpwd,usertel,usercode,eattribute1,muser,mtime FROM TBLUSER WHERE usercode='LILXL'
[12540] INFO ****** Start: 2018/08/08 20:10:39.818, End: 2018/08/08 20:10:39.839, Cost: 20.832
[12540] INFO 
[12540] ERROROpen Connection Failure	未在本地计算机上注册“OraOLEDB.Oracle.1”提供程序。	System.Data	   在 System.Data.OleDb.OleDbServicesWrapper.GetDataSource(OleDbConnectionString constr, DataSourceWrapper& datasrcWrapper)
   在 System.Data.OleDb.OleDbConnectionInternal..ctor(OleDbConnectionString constr, OleDbConnection connection)
   在 System.Data.OleDb.OleDbConnectionFactory.CreateConnection(DbConnectionOptions options, DbConnectionPoolKey poolKey, Object poolGroupProviderInfo, DbConnectionPool pool, DbConnection owningObject)
   在 System.Data.ProviderBase.DbConnectionFactory.CreateConnection(DbConnectionOptions options, DbConnectionPoolKey poolKey, Object poolGroupProviderInfo, DbConnectionPool pool, DbConnection owningConnection, DbConnectionOptions userOptions)
   在 System.Data.ProviderBase.DbConnectionFactory.CreateNonPooledConnection(DbConnection owningConnection, DbConnectionPoolGroup poolGroup, DbConnectionOptions userOptions)
   在 System.Data.ProviderBase.DbConnectionFactory.TryGetConnection(DbConnection owningConnection, TaskCompletionSource`1 retry, DbConnectionOptions userOptions, DbConnectionInternal oldConnection, DbConnectionInternal& connection)
   在 System.Data.ProviderBase.DbConnectionInternal.TryOpenConnectionInternal(DbConnection outerConnection, DbConnectionFactory connectionFactory, TaskCompletionSource`1 retry, DbConnectionOptions userOptions)
   在 System.Data.ProviderBase.DbConnectionClosed.TryOpenConnection(DbConnection outerConnection, DbConnectionFactory connectionFactory, TaskCompletionSource`1 retry, DbConnectionOptions userOptions)
   在 System.Data.ProviderBase.DbConnectionInternal.OpenConnection(DbConnection outerConnection, DbConnectionFactory connectionFactory)
   在 System.Data.OleDb.OleDbConnection.Open()
   在 BenQGuru.eMES.Common.PersistBroker.AbstractSQLPersistBroker.OpenConnection()	Void GetDataSource(System.Data.OleDb.OleDbConnectionString, System.Data.OleDb.DataSourceWrapper ByRef)
[12540] ERRORExecuteReader 要求已打开且可用的 Connection。连接的当前状态为已关闭。 Parameter SQL:SELECT mdate,segcode,shifttypecode,reworkroutecode,computerip,muser,dctcode,computermac,computername,crewcode,orgid,mtime,eattribute1,reworkcode,rescode,resdesc,resgroup,restype,jigcontrol,sscode FROM TBLRES WHERE rescode='BZ02'
[12540] INFO ****** Execute SQL
[12540] INFO ****** Text : SELECT mdate,segcode,shifttypecode,reworkroutecode,computerip,muser,dctcode,computermac,computername,crewcode,orgid,mtime,eattribute1,reworkcode,rescode,resdesc,resgroup,restype,jigcontrol,sscode FROM TBLRES WHERE rescode='BZ02'
[12540] INFO ****** Start: 2018/08/08 20:11:06.007, End: 2018/08/08 20:11:06.007, Cost: 0.000
[12540] INFO 
[12540] ERROROpen Connection Failure	未在本地计算机上注册“OraOLEDB.Oracle.1”提供程序。	System.Data	   在 System.Data.OleDb.OleDbServicesWrapper.GetDataSource(OleDbConnectionString constr, DataSourceWrapper& datasrcWrapper)
   在 System.Data.OleDb.OleDbConnectionInternal..ctor(OleDbConnectionString constr, OleDbConnection connection)
   在 System.Data.OleDb.OleDbConnectionFactory.CreateConnection(DbConnectionOptions options, DbConnectionPoolKey poolKey, Object poolGroupProviderInfo, DbConnectionPool pool, DbConnection owningObject)
   在 System.Data.ProviderBase.DbConnectionFactory.CreateConnection(DbConnectionOptions options, DbConnectionPoolKey poolKey, Object poolGroupProviderInfo, DbConnectionPool pool, DbConnection owningConnection, DbConnectionOptions userOptions)
   在 System.Data.ProviderBase.DbConnectionFactory.CreateNonPooledConnection(DbConnection owningConnection, DbConnectionPoolGroup poolGroup, DbConnectionOptions userOptions)
   在 System.Data.ProviderBase.DbConnectionFactory.TryGetConnection(DbConnection owningConnection, TaskCompletionSource`1 retry, DbConnectionOptions userOptions, DbConnectionInternal oldConnection, DbConnectionInternal& connection)
   在 System.Data.ProviderBase.DbConnectionInternal.TryOpenConnectionInternal(DbConnection outerConnection, DbConnectionFactory connectionFactory, TaskCompletionSource`1 retry, DbConnectionOptions userOptions)
   在 System.Data.ProviderBase.DbConnectionClosed.TryOpenConnection(DbConnection outerConnection, DbConnectionFactory connectionFactory, TaskCompletionSource`1 retry, DbConnectionOptions userOptions)
   在 System.Data.ProviderBase.DbConnectionInternal.OpenConnection(DbConnection outerConnection, DbConnectionFactory connectionFactory)
   在 System.Data.OleDb.OleDbConnection.Open()
   在 BenQGuru.eMES.Common.PersistBroker.AbstractSQLPersistBroker.OpenConnection()	Void GetDataSource(System.Data.OleDb.OleDbConnectionString, System.Data.OleDb.DataSourceWrapper ByRef)
[12540] ERRORExecuteReader 要求已打开且可用的 Connection。连接的当前状态为已关闭。 Parameter SQL:SELECT mdate,segcode,shifttypecode,reworkroutecode,computerip,muser,dctcode,computermac,computername,crewcode,orgid,mtime,eattribute1,reworkcode,rescode,resdesc,resgroup,restype,jigcontrol,sscode FROM TBLRES WHERE rescode='BZ02'
[12540] INFO ****** Execute SQL
[12540] INFO ****** Text : SELECT mdate,segcode,shifttypecode,reworkroutecode,computerip,muser,dctcode,computermac,computername,crewcode,orgid,mtime,eattribute1,reworkcode,rescode,resdesc,resgroup,restype,jigcontrol,sscode FROM TBLRES WHERE rescode='BZ02'
[12540] INFO ****** Start: 2018/08/08 20:11:08.912, End: 2018/08/08 20:11:08.912, Cost: 0.000
[12540] INFO 
[Footer]
